<?xml version="1.0" encoding="UTF-8"?>
<!-- Generated by org.testng.reporters.JUnitReportReporter -->
<testsuite hostname="madhu" failures="0" tests="1" name="Testcases.OrangeHRM" time="23.079" errors="0" timestamp="2023-11-20T16:52:43 IST" skipped="0">
  <testcase classname="Testcases.OrangeHRM" name="orangHRM" time="23.079"/>
</testsuite> <!-- Testcases.OrangeHRM -->
