<?xml version="1.0" encoding="UTF-8"?>
<!-- Generated by org.testng.reporters.JUnitReportReporter -->
<testsuite hostname="madhu" failures="0" tests="1" name="Testcases.testcases" time="0.007" errors="0" timestamp="2023-11-18T16:48:28 IST" skipped="0">
  <testcase classname="Testcases.testcases" name="test1" time="0.007"/>
</testsuite> <!-- Testcases.testcases -->
